2022-11-30 04:59:22 I Ganda Print           "Connet 20568 successfully!!!"
2022-11-30 04:59:22 I Ganda Get_alltests    "Get project name:Gandalf id:20568 all testplans"
2022-11-30 04:59:35 I Ganda Get_alltests    "{9137407: {'id': 9137407, 'name': 'Apollo Nightly Test', 'archived': False, 'index': '9137407:Apollo Nightly Test'}, 9734136: {'id': 9734136, 'name': 'Apollo Release Test', 'archived': False, 'index': '9734136:Apollo Release Test'}, 10201341: {'id': 10201341, 'name': 'APP UI - OOBE Installation flow - For sprint test', 'archived': False, 'index': '10201341:APP UI - OOBE Installation flow - For sprint test'}, 10101748: {'id': 10101748, 'name': 'APP UI - OOBE Installation flow - For workshop nightly build sprint test', 'archived': False, 'index': '10101748:APP UI - OOBE Installation flow - For workshop nightly build sprint test'}, 9339383: {'id': 9339383, 'name': 'Audio DVT Test Plan', 'archived': False, 'index': '9339383:Audio DVT Test Plan'}, 8882194: {'id': 8882194, 'name': 'ESW Test plan', 'archived': False, 'index': '8882194:ESW Test plan'}, 9914695: {'id': 9914695, 'name': 'ESW Test plan - Teams Console Certification Test Plan v2', 'archived': False, 'index': '9914695:ESW Test plan - Teams Console Certification Test Plan v2'}, 9914680: {'id': 9914680, 'name': 'ESW Test plan - Teams Rooms for Android Certification Test Plan v4', 'archived': False, 'index': '9914680:ESW Test plan - Teams Rooms for Android Certification Test Plan v4'}, 9914746: {'id': 9914746, 'name': 'ESW Test plan - Zoom Room Controller ZRC Certification v2', 'archived': False, 'index': '9914746:ESW Test plan - Zoom Room Controller ZRC Certification v2'}, 9914742: {'id': 9914742, 'name': 'ESW Test plan - Zoom Room for All-in-One device Certification v3', 'archived': False, 'index': '9914742:ESW Test plan - Zoom Room for All-in-One device Certification v3'}, 10014731: {'id': 10014731, 'name': 'Packaging Bulk  FG test plan', 'archived': False, 'index': '10014731:Packaging Bulk  FG test plan'}, 9649074: {'id': 9649074, 'name': 'Product Verification Test Plan - Control Panel', 'archived': False, 'index': '9649074:Product Verification Test Plan - Control Panel'}, 9051085: {'id': 9051085, 'name': 'Product Verification Test Plan - Control- and Scheduling Panel To be deleted', 'archived': True, 'index': '9051085:Product Verification Test Plan - Control- and Scheduling Panel To be deleted'}, 8782831: {'id': 8782831, 'name': 'Product Verification Test Plan - Video Bar', 'archived': False, 'index': '8782831:Product Verification Test Plan - Video Bar'}, 9871905: {'id': 9871905, 'name': 'UX test plan', 'archived': False, 'index': '9871905:UX test plan'}, 10301069: {'id': 10301069, 'name': 'Video Bar Audio routing', 'archived': False, 'index': '10301069:Video Bar Audio routing'}, 10135351: {'id': 10135351, 'name': 'Video Test Plan ApplianceHost  - Functional', 'archived': False, 'index': '10135351:Video Test Plan ApplianceHost  - Functional'}, 9786596: {'id': 9786596, 'name': 'Wistron Acoustic Test Plan - TC', 'archived': False, 'index': '9786596:Wistron Acoustic Test Plan - TC'}, 9786265: {'id': 9786265, 'name': 'Wistron Acoustic Test Plan - Video Bar', 'archived': False, 'index': '9786265:Wistron Acoustic Test Plan - Video Bar'}, 9781888: {'id': 9781888, 'name': 'Wistron EE test plan - TC', 'archived': False, 'index': '9781888:Wistron EE test plan - TC'}, 9783714: {'id': 9783714, 'name': 'Wistron EE Test Plan - Video Bar', 'archived': False, 'index': '9783714:Wistron EE Test Plan - Video Bar'}, 9809222: {'id': 9809222, 'name': 'Wistron EMC Test Plan - Video Bar', 'archived': False, 'index': '9809222:Wistron EMC Test Plan - Video Bar'}, 9805073: {'id': 9805073, 'name': 'Wistron EMC Test Plan-TC ', 'archived': False, 'index': '9805073:Wistron EMC Test Plan-TC '}, 9844733: {'id': 9844733, 'name': 'Wistron Logo Test Plan - TC', 'archived': False, 'index': '9844733:Wistron Logo Test Plan - TC'}, 9776475: {'id': 9776475, 'name': 'Wistron Logo Test Plan - Video Bar', 'archived': False, 'index': '9776475:Wistron Logo Test Plan - Video Bar'}, 9994512: {'id': 9994512, 'name': 'Wistron Manufacturing Test Plan - TC', 'archived': False, 'index': '9994512:Wistron Manufacturing Test Plan - TC'}, 9993476: {'id': 9993476, 'name': 'Wistron Manufacturing Test Plan - Video Bar', 'archived': False, 'index': '9993476:Wistron Manufacturing Test Plan - Video Bar'}, 9773285: {'id': 9773285, 'name': 'Wistron PAQT Test Plan - TC', 'archived': False, 'index': '9773285:Wistron PAQT Test Plan - TC'}, 9720414: {'id': 9720414, 'name': 'Wistron PAQT Test Plan - Video Bar', 'archived': False, 'index': '9720414:Wistron PAQT Test Plan - Video Bar'}, 9777362: {'id': 9777362, 'name': 'Wistron Power Test Plan - TC', 'archived': False, 'index': '9777362:Wistron Power Test Plan - TC'}, 9806338: {'id': 9806338, 'name': 'Wistron Power Test Plan - Video Bar', 'archived': False, 'index': '9806338:Wistron Power Test Plan - Video Bar'}, 9786206: {'id': 9786206, 'name': 'Wistron RF Test Plan - TC', 'archived': False, 'index': '9786206:Wistron RF Test Plan - TC'}, 9786581: {'id': 9786581, 'name': 'Wistron RF Test Plan- Video Bar', 'archived': False, 'index': '9786581:Wistron RF Test Plan- Video Bar'}, 9843401: {'id': 9843401, 'name': 'Wistron Safety Test Plan - TC', 'archived': False, 'index': '9843401:Wistron Safety Test Plan - TC'}, 9809286: {'id': 9809286, 'name': 'Wistron Safety Test Plan - Video Bar', 'archived': False, 'index': '9809286:Wistron Safety Test Plan - Video Bar'}, 9242742: {'id': 9242742, 'name': 'Wistron SW Test Plan - Touch Control', 'archived': False, 'index': '9242742:Wistron SW Test Plan - Touch Control'}, 9241630: {'id': 9241630, 'name': 'Wistron SW Test Plan - Video Bar', 'archived': False, 'index': '9241630:Wistron SW Test Plan - Video Bar'}, 9852982: {'id': 9852982, 'name': 'Wistron Thermal Test Plan - TC', 'archived': False, 'index': '9852982:Wistron Thermal Test Plan - TC'}, 9852909: {'id': 9852909, 'name': 'Wistron Thermal Test Plan - Video Bar', 'archived': False, 'index': '9852909:Wistron Thermal Test Plan - Video Bar'}, 10155398: {'id': 10155398, 'name': 'TC Splash Screen  Boot Logo', 'archived': False, 'index': '10155398:TC Splash Screen  Boot Logo'}, 10155330: {'id': 10155330, 'name': 'VBSplash Screen  Boot Logo', 'archived': False, 'index': '10155330:VBSplash Screen  Boot Logo'}}"
2022-11-30 04:59:35 I Ganda Get_alltests    "Get project name:Gandalf id:20568 all testplans successful!!!"
2022-11-30 07:01:44 I Ganda tidy_alltestcas "2606"
2022-11-30 07:06:48 I Ganda Print           "2055: Lost connection to MySQL server at '127.0.0.1:3306', system error: 10053 An established connection was aborted by the software in your host machine"
2022-11-30 07:06:48 I Ganda Print           "2055: Lost connection to MySQL server at '127.0.0.1:3306', system error: 10053 An established connection was aborted by the software in your host machine"
2022-11-30 07:06:49 I Ganda Print           "2055: Lost connection to MySQL server at '127.0.0.1:3306', system error: 10053 An established connection was aborted by the software in your host machine"
Traceback (most recent call last):
  File "C:\Python37-32\lib\site-packages\mysql\connector\network.py", line 148, in send_plain
    self.sock.sendall(packet)
ConnectionAbortedError: [WinError 10053] An established connection was aborted by the software in your host machine

During handling of the above exception, another exception occurred:

Traceback (most recent call last):
  File "E:\New Jira_Jama\Jama_jira_script\REST_Jama20201207.py", line 196, in fetch_data
    jamadata.Get_and_Save()
  File "E:\New Jira_Jama\Jama_jira_script\Subprogress.py", line 447, in Get_and_Save
    self.Update_db.Store_alltests(self.existing_testplans, self.P_alltests, self.P_testcases)
  File "E:\New Jira_Jama\Jama_jira_script\UpdateDatabase.py", line 28, in Store_alltests
    self.update_database_testruns(P_alltests)
  File "E:\New Jira_Jama\Jama_jira_script\UpdateDatabase.py", line 178, in update_database_testruns
    self.mydb.db_commit()
  File "E:\New Jira_Jama\Jama_jira_script\Mysqlconn.py", line 93, in db_commit
    self.mydb.commit()
  File "C:\Python37-32\lib\site-packages\mysql\connector\connection.py", line 951, in commit
    self._execute_query("COMMIT")
  File "C:\Python37-32\lib\site-packages\mysql\connector\connection.py", line 970, in _execute_query
    self.cmd_query(query)
  File "C:\Python37-32\lib\site-packages\mysql\connector\connection.py", line 590, in cmd_query
    result = self._handle_result(self._send_cmd(ServerCmd.QUERY, query))
  File "C:\Python37-32\lib\site-packages\mysql\connector\connection.py", line 344, in _send_cmd
    packet_number, compressed_packet_number)
  File "C:\Python37-32\lib\site-packages\mysql\connector\network.py", line 151, in send_plain
    errno=2055, values=(self.get_address(), _strioerror(err)))
mysql.connector.errors.OperationalError: 2055: Lost connection to MySQL server at '127.0.0.1:3306', system error: 10053 An established connection was aborted by the software in your host machine
