2022-11-30 04:59:21 I Pytho Print           "Connet 20446 successfully!!!"
2022-11-30 04:59:21 I Pytho Get_alltests    "Get project name:Python id:20446 all testplans"
2022-11-30 04:59:31 I Pytho Get_alltests    "{7372947: {'id': 7372947, 'name': 'Apollo Nightly Test', 'archived': False, 'index': '7372947:Apollo Nightly Test'}, 8140305: {'id': 8140305, 'name': 'Apollo Release Smoke Test', 'archived': False, 'index': '8140305:Apollo Release Smoke Test'}, 9839931: {'id': 9839931, 'name': 'Apollo Release Stress Test', 'archived': False, 'index': '9839931:Apollo Release Stress Test'}, 7887393: {'id': 7887393, 'name': 'Apollo Weekly Test', 'archived': False, 'index': '7887393:Apollo Weekly Test'}, 7209846: {'id': 7209846, 'name': 'Audio DVT test plan', 'archived': False, 'index': '7209846:Audio DVT test plan'}, 5773923: {'id': 5773923, 'name': 'HW DVT Plan', 'archived': False, 'index': '5773923:HW DVT Plan'}, 6781943: {'id': 6781943, 'name': 'HW Test Plan -Python Remote Controller', 'archived': False, 'index': '6781943:HW Test Plan -Python Remote Controller'}, 8193821: {'id': 8193821, 'name': 'kh clean up2', 'archived': True, 'index': '8193821:kh clean up2'}, 8193594: {'id': 8193594, 'name': 'kh1 clean up', 'archived': True, 'index': '8193594:kh1 clean up'}, 4859722: {'id': 4859722, 'name': 'MT Test Plan', 'archived': False, 'index': '4859722:MT Test Plan'}, 5311623: {'id': 5311623, 'name': 'Packaging transportation test', 'archived': False, 'index': '5311623:Packaging transportation test'}, 8776307: {'id': 8776307, 'name': 'Product Maintenance Test Plan', 'archived': False, 'index': '8776307:Product Maintenance Test Plan'}, 4767556: {'id': 4767556, 'name': 'Product Verification Test Plan', 'archived': False, 'index': '4767556:Product Verification Test Plan'}, 5418156: {'id': 5418156, 'name': 'Python Offering Quality Plan', 'archived': False, 'index': '5418156:Python Offering Quality Plan'}, 8676487: {'id': 8676487, 'name': 'Python Hinge insert assy Reliability test in Smooth', 'archived': False, 'index': '8676487:Python Hinge insert assy Reliability test in Smooth'}, 8067765: {'id': 8067765, 'name': 'Python Humidity and Artificial Sweat test for Wall Mount and Hinge bracket', 'archived': False, 'index': '8067765:Python Humidity and Artificial Sweat test for Wall Mount and Hinge bracket'}, 6019344: {'id': 6019344, 'name': 'Regulatory Compliance Test Plan', 'archived': False, 'index': '6019344:Regulatory Compliance Test Plan'}, 10204871: {'id': 10204871, 'name': 'SE Verification test plan', 'archived': False, 'index': '10204871:SE Verification test plan'}, 6960105: {'id': 6960105, 'name': 'SW Test Plan', 'archived': False, 'index': '6960105:SW Test Plan'}, 10252386: {'id': 10252386, 'name': 'SW Test Plan - Bundle with Crestron', 'archived': False, 'index': '10252386:SW Test Plan - Bundle with Crestron'}, 9430122: {'id': 9430122, 'name': 'SW Test Plan - Bundle with Lenovo', 'archived': False, 'index': '9430122:SW Test Plan - Bundle with Lenovo'}, 9721077: {'id': 9721077, 'name': 'SW Test Plan - HW Redesign', 'archived': False, 'index': '9721077:SW Test Plan - HW Redesign'}, 9619657: {'id': 9619657, 'name': 'SW Test Plan - HW Redesign', 'archived': True, 'index': '9619657:SW Test Plan - HW Redesign'}, 9752410: {'id': 9752410, 'name': 'SW Test Plan - Newport Platform', 'archived': False, 'index': '9752410:SW Test Plan - Newport Platform'}, 8936920: {'id': 8936920, 'name': 'SW Test Plan - VP1 and VP2', 'archived': False, 'index': '8936920:SW Test Plan - VP1 and VP2'}, 9592679: {'id': 9592679, 'name': 'SW Test Plan - VP3', 'archived': False, 'index': '9592679:SW Test Plan - VP3'}, 5416527: {'id': 5416527, 'name': 'UX Test plan', 'archived': False, 'index': '5416527:UX Test plan'}, 9311623: {'id': 9311623, 'name': 'Video  Test Plan -VP2 - AI Features IZ VD PC Video Quality  WB and IGV-Functional', 'archived': False, 'index': '9311623:Video  Test Plan -VP2 - AI Features IZ VD PC Video Quality  WB and IGV-Functional'}, 8961490: {'id': 8961490, 'name': 'Video - Automation - Regression', 'archived': False, 'index': '8961490:Video - Automation - Regression'}, 7164015: {'id': 7164015, 'name': 'Video SW Test Plan', 'archived': True, 'index': '7164015:Video SW Test Plan'}, 8012482: {'id': 8012482, 'name': 'Video SW Test Plan - AI Features IZ Virtual Director People Count Video Quality  Whiteboard', 'archived': False, 'index': '8012482:Video SW Test Plan - AI Features IZ Virtual Director People Count Video Quality  Whiteboard'}, 10273890: {'id': 10273890, 'name': 'Video Test Plan - Bundle with Crestron - Inter-Operability', 'archived': False, 'index': '10273890:Video Test Plan - Bundle with Crestron - Inter-Operability'}, 10273892: {'id': 10273892, 'name': 'Video Test Plan - Bundle with Crestron - Non Functional', 'archived': False, 'index': '10273892:Video Test Plan - Bundle with Crestron - Non Functional'}, 10273910: {'id': 10273910, 'name': 'Video Test Plan - Bundle with Crestron - Reliability', 'archived': False, 'index': '10273910:Video Test Plan - Bundle with Crestron - Reliability'}, 9430167: {'id': 9430167, 'name': 'Video Test Plan - Bundle with Lenovo - Inter-Operability', 'archived': False, 'index': '9430167:Video Test Plan - Bundle with Lenovo - Inter-Operability'}, 9431939: {'id': 9431939, 'name': 'Video Test Plan - Bundle with Lenovo - Non Functional', 'archived': False, 'index': '9431939:Video Test Plan - Bundle with Lenovo - Non Functional'}, 9431951: {'id': 9431951, 'name': 'Video Test Plan - Bundle with Lenovo - Reliability', 'archived': False, 'index': '9431951:Video Test Plan - Bundle with Lenovo - Reliability'}, 8043946: {'id': 8043946, 'name': 'Video Test Plan - Functional', 'archived': False, 'index': '8043946:Video Test Plan - Functional'}, 9735195: {'id': 9735195, 'name': 'Video Test Plan - HW Redesign - Functional', 'archived': False, 'index': '9735195:Video Test Plan - HW Redesign - Functional'}, 9726716: {'id': 9726716, 'name': 'Video Test Plan - HW Redesign - Inter-Operability', 'archived': False, 'index': '9726716:Video Test Plan - HW Redesign - Inter-Operability'}, 9737211: {'id': 9737211, 'name': 'Video Test Plan - HW Redesign - Non Functional ', 'archived': False, 'index': '9737211:Video Test Plan - HW Redesign - Non Functional '}, 9738134: {'id': 9738134, 'name': 'Video Test Plan - HW Redesign - Reliability ', 'archived': False, 'index': '9738134:Video Test Plan - HW Redesign - Reliability '}, 9737198: {'id': 9737198, 'name': 'Video Test Plan - HW Redesign- AI IZ VD Video Quality IGV  WB', 'archived': False, 'index': '9737198:Video Test Plan - HW Redesign- AI IZ VD Video Quality IGV  WB'}, 7915338: {'id': 7915338, 'name': 'Video Test Plan - Inter-Operability', 'archived': False, 'index': '7915338:Video Test Plan - Inter-Operability'}, 7915071: {'id': 7915071, 'name': 'Video Test Plan - Non Functional', 'archived': False, 'index': '7915071:Video Test Plan - Non Functional'}, 7998288: {'id': 7998288, 'name': 'Video Test Plan - Reliability', 'archived': False, 'index': '7998288:Video Test Plan - Reliability'}, 7915740: {'id': 7915740, 'name': 'Video Test Plan - Reliability Deleted', 'archived': True, 'index': '7915740:Video Test Plan - Reliability Deleted'}, 9308622: {'id': 9308622, 'name': 'Video Test Plan - VP2 - Functional ', 'archived': False, 'index': '9308622:Video Test Plan - VP2 - Functional '}, 9369395: {'id': 9369395, 'name': 'Video Test Plan - VP2 - Inter-Operability', 'archived': False, 'index': '9369395:Video Test Plan - VP2 - Inter-Operability'}, 9338368: {'id': 9338368, 'name': 'Video Test Plan - VP2 - Non Functional ', 'archived': False, 'index': '9338368:Video Test Plan - VP2 - Non Functional '}, 9335135: {'id': 9335135, 'name': 'Video Test Plan - VP2 - Reliability ', 'archived': False, 'index': '9335135:Video Test Plan - VP2 - Reliability '}, 10144843: {'id': 10144843, 'name': 'Video Test Plan - VP3 - AI IZ VD Video Quality Whiteboard  IGV ', 'archived': False, 'index': '10144843:Video Test Plan - VP3 - AI IZ VD Video Quality Whiteboard  IGV '}, 10141934: {'id': 10141934, 'name': 'Video Test Plan - VP3 - Functional', 'archived': False, 'index': '10141934:Video Test Plan - VP3 - Functional'}, 10122544: {'id': 10122544, 'name': 'Video Test Plan - VP3 - Inter-Operability', 'archived': False, 'index': '10122544:Video Test Plan - VP3 - Inter-Operability'}, 10122547: {'id': 10122547, 'name': 'Video Test Plan - VP3 - Non Functional ', 'archived': False, 'index': '10122547:Video Test Plan - VP3 - Non Functional '}, 10122549: {'id': 10122549, 'name': 'Video Test Plan - VP3 - Reliability ', 'archived': False, 'index': '10122549:Video Test Plan - VP3 - Reliability '}}"
2022-11-30 04:59:31 I Pytho Get_alltests    "Get project name:Python id:20446 all testplans successful!!!"
2022-11-30 05:29:24 I Pytho get_testruns    "Error:Test testruns result is None,testplane:6960105"
2022-11-30 05:29:28 I Pytho get_testruns    "Error:Test testruns result is None,testplane:6960105"
2022-11-30 05:29:29 I Pytho get_testruns    "Error:Test testruns result is None,testplane:6960105"
2022-11-30 06:07:50 I Pytho tidy_alltestcas "13288"
2022-11-30 06:39:06 I Pytho Print           "2055: Lost connection to MySQL server at '127.0.0.1:3306', system error: 10053 An established connection was aborted by the software in your host machine"
2022-11-30 06:39:06 I Pytho Print           "2055: Lost connection to MySQL server at '127.0.0.1:3306', system error: 10053 An established connection was aborted by the software in your host machine"
2022-11-30 06:39:09 I Pytho Print           "2055: Lost connection to MySQL server at '127.0.0.1:3306', system error: 10053 An established connection was aborted by the software in your host machine"
Traceback (most recent call last):
  File "C:\Python37-32\lib\site-packages\mysql\connector\network.py", line 148, in send_plain
    self.sock.sendall(packet)
ConnectionAbortedError: [WinError 10053] An established connection was aborted by the software in your host machine

During handling of the above exception, another exception occurred:

Traceback (most recent call last):
  File "E:\New Jira_Jama\Jama_jira_script\REST_Jama20201207.py", line 196, in fetch_data
    jamadata.Get_and_Save()
  File "E:\New Jira_Jama\Jama_jira_script\Subprogress.py", line 447, in Get_and_Save
    self.Update_db.Store_alltests(self.existing_testplans, self.P_alltests, self.P_testcases)
  File "E:\New Jira_Jama\Jama_jira_script\UpdateDatabase.py", line 28, in Store_alltests
    self.update_database_testruns(P_alltests)
  File "E:\New Jira_Jama\Jama_jira_script\UpdateDatabase.py", line 178, in update_database_testruns
    self.mydb.db_commit()
  File "E:\New Jira_Jama\Jama_jira_script\Mysqlconn.py", line 93, in db_commit
    self.mydb.commit()
  File "C:\Python37-32\lib\site-packages\mysql\connector\connection.py", line 951, in commit
    self._execute_query("COMMIT")
  File "C:\Python37-32\lib\site-packages\mysql\connector\connection.py", line 970, in _execute_query
    self.cmd_query(query)
  File "C:\Python37-32\lib\site-packages\mysql\connector\connection.py", line 590, in cmd_query
    result = self._handle_result(self._send_cmd(ServerCmd.QUERY, query))
  File "C:\Python37-32\lib\site-packages\mysql\connector\connection.py", line 344, in _send_cmd
    packet_number, compressed_packet_number)
  File "C:\Python37-32\lib\site-packages\mysql\connector\network.py", line 151, in send_plain
    errno=2055, values=(self.get_address(), _strioerror(err)))
mysql.connector.errors.OperationalError: 2055: Lost connection to MySQL server at '127.0.0.1:3306', system error: 10053 An established connection was aborted by the software in your host machine
